<?xml version="1.0" encoding="UTF-8"?>
<testng-results ignored="0" total="1" passed="1" failed="0" skipped="0">
  <reporter-output>
  </reporter-output>
  <suite started-at="2022-09-27T23:21:17 IST" name="Default suite" finished-at="2022-09-27T23:21:17 IST" duration-ms="50">
    <groups>
    </groups>
    <test started-at="2022-09-27T23:21:17 IST" name="Default test" finished-at="2022-09-27T23:21:17 IST" duration-ms="50">
      <class name="package1.TESTNG">
        <test-method is-config="true" signature="beforeClass()[pri:0, instance:package1.TESTNG@7fa98a66]" started-at="2022-09-27T23:21:17 IST" name="beforeClass" finished-at="2022-09-27T23:21:17 IST" duration-ms="8" status="PASS">
          <reporter-output>
          </reporter-output>
        </test-method> <!-- beforeClass -->
        <test-method is-config="true" signature="beforeMethod()[pri:0, instance:package1.TESTNG@7fa98a66]" started-at="2022-09-27T23:21:17 IST" name="beforeMethod" finished-at="2022-09-27T23:21:17 IST" duration-ms="1" status="PASS">
          <reporter-output>
          </reporter-output>
        </test-method> <!-- beforeMethod -->
        <test-method signature="test()[pri:0, instance:package1.TESTNG@7fa98a66]" started-at="2022-09-27T23:21:17 IST" name="test" finished-at="2022-09-27T23:21:17 IST" duration-ms="6" status="PASS">
          <reporter-output>
          </reporter-output>
        </test-method> <!-- test -->
      </class> <!-- package1.TESTNG -->
    </test> <!-- Default test -->
  </suite> <!-- Default suite -->
</testng-results>
